abr 11, 2026 8:58:51 P. M. domain.Log record
SEVERE: java.lang.IndexOutOfBoundsException: Index 0 out of bounds for length 0
java.lang.IndexOutOfBoundsException: Index 0 out of bounds for length 0
	at java.base/jdk.internal.util.Preconditions.outOfBounds(Preconditions.java:100)
	at java.base/jdk.internal.util.Preconditions.outOfBoundsCheckIndex(Preconditions.java:106)
	at java.base/jdk.internal.util.Preconditions.checkIndex(Preconditions.java:302)
	at java.base/java.util.Objects.checkIndex(Objects.java:365)
	at java.base/java.util.ArrayList.get(ArrayList.java:428)
	at domain.Fifa.select(Fifa.java:136)
	at domain.Fifa.search(Fifa.java:169)
	at presentation.FifaGUI.actionSearch(FifaGUI.java:253)
	at presentation.FifaGUI$6.insertUpdate(FifaGUI.java:222)
	at java.desktop/javax.swing.text.AbstractDocument.fireInsertUpdate(AbstractDocument.java:220)
	at java.desktop/javax.swing.text.AbstractDocument.handleInsertString(AbstractDocument.java:774)
	at java.desktop/javax.swing.text.AbstractDocument.insertString(AbstractDocument.java:733)
	at java.desktop/javax.swing.text.PlainDocument.insertString(PlainDocument.java:131)
	at java.desktop/javax.swing.text.AbstractDocument.replace(AbstractDocument.java:692)
	at java.desktop/javax.swing.text.JTextComponent.replaceSelection(JTextComponent.java:1331)
	at java.desktop/javax.swing.text.DefaultEditorKit$DefaultKeyTypedAction.actionPerformed(DefaultEditorKit.java:910)
	at java.desktop/javax.swing.SwingUtilities.notifyAction(SwingUtilities.java:1804)
	at java.desktop/javax.swing.JComponent.processKeyBinding(JComponent.java:2962)
	at java.desktop/javax.swing.JComponent.processKeyBindings(JComponent.java:3010)
	at java.desktop/javax.swing.JComponent.processKeyEvent(JComponent.java:2924)
	at java.desktop/java.awt.Component.processEvent(Component.java:6353)
	at java.desktop/java.awt.Container.processEvent(Container.java:2260)
	at java.desktop/java.awt.Component.dispatchEventImpl(Component.java:4958)
	at java.desktop/java.awt.Container.dispatchEventImpl(Container.java:2318)
	at java.desktop/java.awt.Component.dispatchEvent(Component.java:4790)
	at java.desktop/java.awt.KeyboardFocusManager.redispatchEvent(KeyboardFocusManager.java:1829)
	at java.desktop/java.awt.DefaultKeyboardFocusManager.dispatchKeyEvent(DefaultKeyboardFocusManager.java:874)
	at java.desktop/java.awt.DefaultKeyboardFocusManager.preDispatchKeyEvent(DefaultKeyboardFocusManager.java:1136)
	at java.desktop/java.awt.DefaultKeyboardFocusManager.typeAheadAssertions(DefaultKeyboardFocusManager.java:1011)
	at java.desktop/java.awt.DefaultKeyboardFocusManager.dispatchEvent(DefaultKeyboardFocusManager.java:839)
	at java.desktop/java.awt.Component.dispatchEventImpl(Component.java:4839)
	at java.desktop/java.awt.Container.dispatchEventImpl(Container.java:2318)
	at java.desktop/java.awt.Window.dispatchEventImpl(Window.java:2671)
	at java.desktop/java.awt.Component.dispatchEvent(Component.java:4790)
	at java.desktop/java.awt.EventQueue.dispatchEventImpl(EventQueue.java:725)
	at java.desktop/java.awt.EventQueue.dispatchEvent(EventQueue.java:702)
	at java.desktop/java.awt.EventDispatchThread.pumpOneEventForFilters(EventDispatchThread.java:203)
	at java.desktop/java.awt.EventDispatchThread.pumpEventsForFilter(EventDispatchThread.java:124)
	at java.desktop/java.awt.EventDispatchThread.pumpEventsForHierarchy(EventDispatchThread.java:113)
	at java.desktop/java.awt.EventDispatchThread.pumpEvents(EventDispatchThread.java:109)
	at java.desktop/java.awt.EventDispatchThread.pumpEvents(EventDispatchThread.java:101)
	at java.desktop/java.awt.EventDispatchThread.run(EventDispatchThread.java:90)

abr 11, 2026 8:58:55 P. M. domain.Log record
SEVERE: java.lang.IndexOutOfBoundsException: Index 0 out of bounds for length 0
java.lang.IndexOutOfBoundsException: Index 0 out of bounds for length 0
	at java.base/jdk.internal.util.Preconditions.outOfBounds(Preconditions.java:100)
	at java.base/jdk.internal.util.Preconditions.outOfBoundsCheckIndex(Preconditions.java:106)
	at java.base/jdk.internal.util.Preconditions.checkIndex(Preconditions.java:302)
	at java.base/java.util.Objects.checkIndex(Objects.java:365)
	at java.base/java.util.ArrayList.get(ArrayList.java:428)
	at domain.Fifa.select(Fifa.java:136)
	at domain.Fifa.search(Fifa.java:169)
	at presentation.FifaGUI.actionSearch(FifaGUI.java:253)
	at presentation.FifaGUI$6.insertUpdate(FifaGUI.java:222)
	at java.desktop/javax.swing.text.AbstractDocument.fireInsertUpdate(AbstractDocument.java:220)
	at java.desktop/javax.swing.text.AbstractDocument.handleInsertString(AbstractDocument.java:774)
	at java.desktop/javax.swing.text.AbstractDocument.insertString(AbstractDocument.java:733)
	at java.desktop/javax.swing.text.PlainDocument.insertString(PlainDocument.java:131)
	at java.desktop/javax.swing.text.AbstractDocument.replace(AbstractDocument.java:692)
	at java.desktop/javax.swing.text.JTextComponent.replaceSelection(JTextComponent.java:1331)
	at java.desktop/javax.swing.text.DefaultEditorKit$DefaultKeyTypedAction.actionPerformed(DefaultEditorKit.java:910)
	at java.desktop/javax.swing.SwingUtilities.notifyAction(SwingUtilities.java:1804)
	at java.desktop/javax.swing.JComponent.processKeyBinding(JComponent.java:2962)
	at java.desktop/javax.swing.JComponent.processKeyBindings(JComponent.java:3010)
	at java.desktop/javax.swing.JComponent.processKeyEvent(JComponent.java:2924)
	at java.desktop/java.awt.Component.processEvent(Component.java:6353)
	at java.desktop/java.awt.Container.processEvent(Container.java:2260)
	at java.desktop/java.awt.Component.dispatchEventImpl(Component.java:4958)
	at java.desktop/java.awt.Container.dispatchEventImpl(Container.java:2318)
	at java.desktop/java.awt.Component.dispatchEvent(Component.java:4790)
	at java.desktop/java.awt.KeyboardFocusManager.redispatchEvent(KeyboardFocusManager.java:1829)
	at java.desktop/java.awt.DefaultKeyboardFocusManager.dispatchKeyEvent(DefaultKeyboardFocusManager.java:874)
	at java.desktop/java.awt.DefaultKeyboardFocusManager.preDispatchKeyEvent(DefaultKeyboardFocusManager.java:1136)
	at java.desktop/java.awt.DefaultKeyboardFocusManager.typeAheadAssertions(DefaultKeyboardFocusManager.java:1011)
	at java.desktop/java.awt.DefaultKeyboardFocusManager.dispatchEvent(DefaultKeyboardFocusManager.java:839)
	at java.desktop/java.awt.Component.dispatchEventImpl(Component.java:4839)
	at java.desktop/java.awt.Container.dispatchEventImpl(Container.java:2318)
	at java.desktop/java.awt.Window.dispatchEventImpl(Window.java:2671)
	at java.desktop/java.awt.Component.dispatchEvent(Component.java:4790)
	at java.desktop/java.awt.EventQueue.dispatchEventImpl(EventQueue.java:725)
	at java.desktop/java.awt.EventQueue.dispatchEvent(EventQueue.java:702)
	at java.desktop/java.awt.EventDispatchThread.pumpOneEventForFilters(EventDispatchThread.java:203)
	at java.desktop/java.awt.EventDispatchThread.pumpEventsForFilter(EventDispatchThread.java:124)
	at java.desktop/java.awt.EventDispatchThread.pumpEventsForHierarchy(EventDispatchThread.java:113)
	at java.desktop/java.awt.EventDispatchThread.pumpEvents(EventDispatchThread.java:109)
	at java.desktop/java.awt.EventDispatchThread.pumpEvents(EventDispatchThread.java:101)
	at java.desktop/java.awt.EventDispatchThread.run(EventDispatchThread.java:90)

abr 11, 2026 8:58:58 P. M. domain.Log record
SEVERE: java.lang.IndexOutOfBoundsException: Index 0 out of bounds for length 0
java.lang.IndexOutOfBoundsException: Index 0 out of bounds for length 0
	at java.base/jdk.internal.util.Preconditions.outOfBounds(Preconditions.java:100)
	at java.base/jdk.internal.util.Preconditions.outOfBoundsCheckIndex(Preconditions.java:106)
	at java.base/jdk.internal.util.Preconditions.checkIndex(Preconditions.java:302)
	at java.base/java.util.Objects.checkIndex(Objects.java:365)
	at java.base/java.util.ArrayList.get(ArrayList.java:428)
	at domain.Fifa.select(Fifa.java:136)
	at domain.Fifa.search(Fifa.java:169)
	at presentation.FifaGUI.actionSearch(FifaGUI.java:253)
	at presentation.FifaGUI$6.removeUpdate(FifaGUI.java:226)
	at java.desktop/javax.swing.text.AbstractDocument.fireRemoveUpdate(AbstractDocument.java:278)
	at java.desktop/javax.swing.text.AbstractDocument.handleRemove(AbstractDocument.java:645)
	at java.desktop/javax.swing.text.AbstractDocument.remove(AbstractDocument.java:613)
	at java.desktop/javax.swing.text.DefaultEditorKit$DeletePrevCharAction.actionPerformed(DefaultEditorKit.java:1100)
	at java.desktop/javax.swing.SwingUtilities.notifyAction(SwingUtilities.java:1804)
	at java.desktop/javax.swing.JComponent.processKeyBinding(JComponent.java:2962)
	at java.desktop/javax.swing.JComponent.processKeyBindings(JComponent.java:3010)
	at java.desktop/javax.swing.JComponent.processKeyEvent(JComponent.java:2924)
	at java.desktop/java.awt.Component.processEvent(Component.java:6353)
	at java.desktop/java.awt.Container.processEvent(Container.java:2260)
	at java.desktop/java.awt.Component.dispatchEventImpl(Component.java:4958)
	at java.desktop/java.awt.Container.dispatchEventImpl(Container.java:2318)
	at java.desktop/java.awt.Component.dispatchEvent(Component.java:4790)
	at java.desktop/java.awt.KeyboardFocusManager.redispatchEvent(KeyboardFocusManager.java:1829)
	at java.desktop/java.awt.DefaultKeyboardFocusManager.dispatchKeyEvent(DefaultKeyboardFocusManager.java:874)
	at java.desktop/java.awt.DefaultKeyboardFocusManager.preDispatchKeyEvent(DefaultKeyboardFocusManager.java:1136)
	at java.desktop/java.awt.DefaultKeyboardFocusManager.typeAheadAssertions(DefaultKeyboardFocusManager.java:1011)
	at java.desktop/java.awt.DefaultKeyboardFocusManager.dispatchEvent(DefaultKeyboardFocusManager.java:839)
	at java.desktop/java.awt.Component.dispatchEventImpl(Component.java:4839)
	at java.desktop/java.awt.Container.dispatchEventImpl(Container.java:2318)
	at java.desktop/java.awt.Window.dispatchEventImpl(Window.java:2671)
	at java.desktop/java.awt.Component.dispatchEvent(Component.java:4790)
	at java.desktop/java.awt.EventQueue.dispatchEventImpl(EventQueue.java:725)
	at java.desktop/java.awt.EventQueue.dispatchEvent(EventQueue.java:702)
	at java.desktop/java.awt.EventDispatchThread.pumpOneEventForFilters(EventDispatchThread.java:203)
	at java.desktop/java.awt.EventDispatchThread.pumpEventsForFilter(EventDispatchThread.java:124)
	at java.desktop/java.awt.EventDispatchThread.pumpEventsForHierarchy(EventDispatchThread.java:113)
	at java.desktop/java.awt.EventDispatchThread.pumpEvents(EventDispatchThread.java:109)
	at java.desktop/java.awt.EventDispatchThread.pumpEvents(EventDispatchThread.java:101)
	at java.desktop/java.awt.EventDispatchThread.run(EventDispatchThread.java:90)

abr 11, 2026 8:59:02 P. M. domain.Log record
SEVERE: java.lang.IndexOutOfBoundsException: Index 0 out of bounds for length 0
java.lang.IndexOutOfBoundsException: Index 0 out of bounds for length 0
	at java.base/jdk.internal.util.Preconditions.outOfBounds(Preconditions.java:100)
	at java.base/jdk.internal.util.Preconditions.outOfBoundsCheckIndex(Preconditions.java:106)
	at java.base/jdk.internal.util.Preconditions.checkIndex(Preconditions.java:302)
	at java.base/java.util.Objects.checkIndex(Objects.java:365)
	at java.base/java.util.ArrayList.get(ArrayList.java:428)
	at domain.Fifa.select(Fifa.java:136)
	at domain.Fifa.search(Fifa.java:169)
	at presentation.FifaGUI.actionSearch(FifaGUI.java:253)
	at presentation.FifaGUI$6.insertUpdate(FifaGUI.java:222)
	at java.desktop/javax.swing.text.AbstractDocument.fireInsertUpdate(AbstractDocument.java:220)
	at java.desktop/javax.swing.text.AbstractDocument.handleInsertString(AbstractDocument.java:774)
	at java.desktop/javax.swing.text.AbstractDocument.insertString(AbstractDocument.java:733)
	at java.desktop/javax.swing.text.PlainDocument.insertString(PlainDocument.java:131)
	at java.desktop/javax.swing.text.AbstractDocument.replace(AbstractDocument.java:692)
	at java.desktop/javax.swing.text.JTextComponent.replaceSelection(JTextComponent.java:1331)
	at java.desktop/javax.swing.text.DefaultEditorKit$DefaultKeyTypedAction.actionPerformed(DefaultEditorKit.java:910)
	at java.desktop/javax.swing.SwingUtilities.notifyAction(SwingUtilities.java:1804)
	at java.desktop/javax.swing.JComponent.processKeyBinding(JComponent.java:2962)
	at java.desktop/javax.swing.JComponent.processKeyBindings(JComponent.java:3010)
	at java.desktop/javax.swing.JComponent.processKeyEvent(JComponent.java:2924)
	at java.desktop/java.awt.Component.processEvent(Component.java:6353)
	at java.desktop/java.awt.Container.processEvent(Container.java:2260)
	at java.desktop/java.awt.Component.dispatchEventImpl(Component.java:4958)
	at java.desktop/java.awt.Container.dispatchEventImpl(Container.java:2318)
	at java.desktop/java.awt.Component.dispatchEvent(Component.java:4790)
	at java.desktop/java.awt.KeyboardFocusManager.redispatchEvent(KeyboardFocusManager.java:1829)
	at java.desktop/java.awt.DefaultKeyboardFocusManager.dispatchKeyEvent(DefaultKeyboardFocusManager.java:874)
	at java.desktop/java.awt.DefaultKeyboardFocusManager.preDispatchKeyEvent(DefaultKeyboardFocusManager.java:1136)
	at java.desktop/java.awt.DefaultKeyboardFocusManager.typeAheadAssertions(DefaultKeyboardFocusManager.java:1011)
	at java.desktop/java.awt.DefaultKeyboardFocusManager.dispatchEvent(DefaultKeyboardFocusManager.java:839)
	at java.desktop/java.awt.Component.dispatchEventImpl(Component.java:4839)
	at java.desktop/java.awt.Container.dispatchEventImpl(Container.java:2318)
	at java.desktop/java.awt.Window.dispatchEventImpl(Window.java:2671)
	at java.desktop/java.awt.Component.dispatchEvent(Component.java:4790)
	at java.desktop/java.awt.EventQueue.dispatchEventImpl(EventQueue.java:725)
	at java.desktop/java.awt.EventQueue.dispatchEvent(EventQueue.java:702)
	at java.desktop/java.awt.EventDispatchThread.pumpOneEventForFilters(EventDispatchThread.java:203)
	at java.desktop/java.awt.EventDispatchThread.pumpEventsForFilter(EventDispatchThread.java:124)
	at java.desktop/java.awt.EventDispatchThread.pumpEventsForHierarchy(EventDispatchThread.java:113)
	at java.desktop/java.awt.EventDispatchThread.pumpEvents(EventDispatchThread.java:109)
	at java.desktop/java.awt.EventDispatchThread.pumpEvents(EventDispatchThread.java:101)
	at java.desktop/java.awt.EventDispatchThread.run(EventDispatchThread.java:90)

